cgi-bin/build_layout.bash 20a68782447c23192739f23fcef539c515aa2bb3bc46af MDErgo1 standard "MDErgo1-Default-0.kll" "MDErgo1-Default-1.kll" "MDErgo1-Default-2.kll"  2>&1
+ DefaultMapOverride='infinity_ergodox/lcdFuncMap MDErgo1-Default-0'
+ PartialMapsExpandedOverride='infinity_ergodox/lcdFuncMap MDErgo1-Default-1;infinity_ergodox/lcdFuncMap MDErgo1-Default-2'
+ CMakeExtraArgs=-DCONFIGURATOR=1
+ /srv/KiiConf/controller/Keyboards/ergodox-l.bash -c /srv/KiiConf/controller -o /srv/KiiConf/tmp/20a68782447c23192739f23fcef539c515aa2bb3bc46af/left
linux-gnu/Linux is supported.
Unix Build
Selected Generator: Ninja
/srv/KiiConf/tmp/20a68782447c23192739f23fcef539c515aa2bb3bc46af/left
-- Build CPU Detected:
x86_64
-- Build Kernel Detected:
Linux 4.14.12-x86_64-linode92
-- Compiler Family:
arm
-- Compiler Selected:
gcc
-- Chip Selected:
mk20dx256vlh7
-- Chip Family:
mk2x
-- CPU Selected:
cortex-m4
-- Compiler Source Files:
Lib/kinetis.c;Lib/delay.c;Lib/entropy.c;Lib/periodic.c;Lib/time.c
-- Bootloader Type:
dfu
-- Full Compiler:
/usr/bin/arm-none-eabi-gcc 
-- Detected Scan Module Source Files:
Scan/Devices/ISSILed/i2c.c;Scan/Devices/ISSILed/led_scan.c;Scan/Devices/MatrixARMPeriodic/matrix_scan.c;Scan/Devices/STLcd/lcd_scan.c;Scan/Devices/UARTConnect/connect_scan.c;Scan/Infinity_Ergodox/scan_loop.c
-- Detected Macro Module Source Files:
Macro/PartialMap/kll.c;Macro/PartialMap/macro.c;Macro/PartialMap/result.c;Macro/PartialMap/trigger.c;Macro/PixelMap/pixel.c;/srv/KiiConf/tmp/20a68782447c23192739f23fcef539c515aa2bb3bc46af/left/generatedPixelmap.c
-- Detected Output Module Source Files:
Output/HID-IO/hidio_com.c;Output/Interface/output_gen.c;Output/USB/output_com.c;Output/USB/output_usb.c;Output/USB/arm/usb_desc.c;Output/USB/arm/usb_dev.c;Output/USB/arm/usb_joystick.c;Output/USB/arm/usb_keyboard.c;Output/USB/arm/usb_mem.c;Output/USB/arm/usb_mouse.c;Output/USB/arm/usb_rawio.c;Output/USB/arm/usb_serial.c
-- Detected Debug Module Source Files:
Debug/cli/cli.c;Debug/latency/latency.c;Debug/led/led.c;Debug/print/print.c
-- Found Git: /usr/bin/git (found version "1.9.1") 
No LSB modules are available.
-- Found LSB_RELEASE: /usr/bin/lsb_release  
-- Build OS Detected:
Ubuntu 14.04.5 LTS trusty
-- Found Ctags: /usr/bin/ctags-exuberant (found version "5.9~svn20110310") 
ctags-exuberant: cannot open tag file : Permission denied
-- Found PythonInterp: python3 (found suitable version "3.4.3", minimum required is "3") 
-- Detected Layout Files:
/srv/KiiConf/controller/Scan/Devices/ISSILed/capabilities.kll
/srv/KiiConf/controller/Scan/Devices/MatrixARMPeriodic/capabilities.kll
/srv/KiiConf/controller/Scan/Devices/STLcd/capabilities.kll
/srv/KiiConf/controller/Scan/Devices/UARTConnect/capabilities.kll
/srv/KiiConf/controller/Macro/PartialMap/capabilities.kll
/srv/KiiConf/controller/Macro/PixelMap/capabilities.kll
/srv/KiiConf/controller/Output/HID-IO/capabilities.kll
/srv/KiiConf/controller/Output/USB/capabilities.kll
/srv/KiiConf/controller/Debug/latency/capabilities.kll
/srv/KiiConf/controller/Scan/Infinity_Ergodox/scancode_map.kll
/srv/KiiConf/controller/Scan/Infinity_Ergodox/leftHand.kll
/srv/KiiConf/controller/Scan/Infinity_Ergodox/slave1.kll
/srv/KiiConf/controller/Scan/Infinity_Ergodox/rightHand.kll
/srv/KiiConf/controller/kll/layouts/infinity_ergodox/lcdFuncMap.kll
/srv/KiiConf/tmp/20a68782447c23192739f23fcef539c515aa2bb3bc46af/left/MDErgo1-Default-0.kll
/srv/KiiConf/controller/kll/layouts/infinity_ergodox/lcdFuncMap.kll
/srv/KiiConf/tmp/20a68782447c23192739f23fcef539c515aa2bb3bc46af/left/MDErgo1-Default-1.kll
/srv/KiiConf/controller/kll/layouts/infinity_ergodox/lcdFuncMap.kll
/srv/KiiConf/tmp/20a68782447c23192739f23fcef539c515aa2bb3bc46af/left/MDErgo1-Default-2.kll
-- Found DFU_SUFFIX: /usr/local/bin/dfu-suffix (found version "0.8") 
-- Configuring done
-- Generating done
-- Build files have been written to: /srv/KiiConf/tmp/20a68782447c23192739f23fcef539c515aa2bb3bc46af/left
[1/38] Generating KLL Layout
kll BETA 0.5c.8d92cf58745532c23ba79cee3b43834536448531 - 2018-03-04 12:00:50 -0800
-- Generating --
/srv/KiiConf/tmp/20a68782447c23192739f23fcef539c515aa2bb3bc46af/left/kll_defs.h
/srv/KiiConf/tmp/20a68782447c23192739f23fcef539c515aa2bb3bc46af/left/generatedKeymap.h
/srv/KiiConf/tmp/20a68782447c23192739f23fcef539c515aa2bb3bc46af/left/generatedPixelmap.c
/srv/KiiConf/tmp/20a68782447c23192739f23fcef539c515aa2bb3bc46af/left/kll.json
[2/38] Building C object CMakeFiles/kiibohd.dir/main.c.o
[3/38] Building C object CMakeFiles/kiibohd.dir/Lib/kinetis.c.o
[4/38] Building C object CMakeFiles/kiibohd.dir/Lib/delay.c.o
[5/38] Building C object CMakeFiles/kiibohd.dir/Lib/entropy.c.o
[6/38] Building C object CMakeFiles/kiibohd.dir/Lib/periodic.c.o
[7/38] Building C object CMakeFiles/kiibohd.dir/Lib/time.c.o
[8/38] Building C object CMakeFiles/kiibohd.dir/Scan/Devices/ISSILed/i2c.c.o
[9/38] Building C object CMakeFiles/kiibohd.dir/Scan/Devices/ISSILed/led_scan.c.o
[10/38] Building C object CMakeFiles/kiibohd.dir/Scan/Devices/MatrixARMPeriodic/matrix_scan.c.o
[11/38] Building C object CMakeFiles/kiibohd.dir/Scan/Devices/STLcd/lcd_scan.c.o
[12/38] Building C object CMakeFiles/kiibohd.dir/Scan/Devices/UARTConnect/connect_scan.c.o
[13/38] Building C object CMakeFiles/kiibohd.dir/Scan/Infinity_Ergodox/scan_loop.c.o
[14/38] Building C object CMakeFiles/kiibohd.dir/Macro/PartialMap/kll.c.o
[15/38] Building C object CMakeFiles/kiibohd.dir/Macro/PartialMap/macro.c.o
[16/38] Building C object CMakeFiles/kiibohd.dir/Macro/PartialMap/result.c.o
[17/38] Building C object CMakeFiles/kiibohd.dir/Macro/PartialMap/trigger.c.o
[18/38] Building C object CMakeFiles/kiibohd.dir/Macro/PixelMap/pixel.c.o
[19/38] Building C object CMakeFiles/kiibohd.dir/generatedPixelmap.c.o
[20/38] Building C object CMakeFiles/kiibohd.dir/Output/HID-IO/hidio_com.c.o
[21/38] Building C object CMakeFiles/kiibohd.dir/Output/Interface/output_gen.c.o
[22/38] Building C object CMakeFiles/kiibohd.dir/Output/USB/output_com.c.o
[23/38] Building C object CMakeFiles/kiibohd.dir/Output/USB/output_usb.c.o
[24/38] Building C object CMakeFiles/kiibohd.dir/Output/USB/arm/usb_desc.c.o
[25/38] Building C object CMakeFiles/kiibohd.dir/Output/USB/arm/usb_dev.c.o
[26/38] Building C object CMakeFiles/kiibohd.dir/Output/USB/arm/usb_joystick.c.o
[27/38] Building C object CMakeFiles/kiibohd.dir/Output/USB/arm/usb_keyboard.c.o
[28/38] Building C object CMakeFiles/kiibohd.dir/Output/USB/arm/usb_mem.c.o
[29/38] Building C object CMakeFiles/kiibohd.dir/Output/USB/arm/usb_mouse.c.o
[30/38] Building C object CMakeFiles/kiibohd.dir/Output/USB/arm/usb_rawio.c.o
[31/38] Building C object CMakeFiles/kiibohd.dir/Output/USB/arm/usb_serial.c.o
[32/38] Building C object CMakeFiles/kiibohd.dir/Debug/cli/cli.c.o
[33/38] Building C object CMakeFiles/kiibohd.dir/Debug/latency/latency.c.o
[34/38] Building C object CMakeFiles/kiibohd.dir/Debug/led/led.c.o
[35/38] Building C object CMakeFiles/kiibohd.dir/Debug/print/print.c.o
[36/38] Linking C executable kiibohd.elf
Setting new key
Key Prepended: 0000000000000000
[37/38] Chip usage for mk20dx256vlh7
[38/38] Message for DFU targets
NOTE: kiibohd.secure.dfu.bin is required for secure Kiibohd Bootloaders.
Only keyboards from late 2017 and onwards, support this.
See lsusb -d 1c11: -v and look for iInterface 4 Kiibohd DFU Secure.
Otherwise, use the kiibohd.dfu.bin file when it says iInterface 4 Kiibohd DFU.
Use the physical reset button on the back of the keyboard to temporarily disable secure mode.
NOTE2: Secure mode is disabled currently, but will be enabled when key negotiation is supported.
	 SRAM: 	18% 	12240/65536	bytes
	Flash: 	27% 	69140/253952	bytes
Firmware has been compiled into: '/srv/KiiConf/tmp/20a68782447c23192739f23fcef539c515aa2bb3bc46af/left'
/srv/KiiConf/dist
+ RETVAL_L=0
+ DefaultMapOverride='infinity_ergodox/lcdFuncMap MDErgo1-Default-0'
+ PartialMapsExpandedOverride='infinity_ergodox/lcdFuncMap MDErgo1-Default-1;infinity_ergodox/lcdFuncMap MDErgo1-Default-2'
+ CMakeExtraArgs=-DCONFIGURATOR=1
+ /srv/KiiConf/controller/Keyboards/ergodox-r.bash -c /srv/KiiConf/controller -o /srv/KiiConf/tmp/20a68782447c23192739f23fcef539c515aa2bb3bc46af/right
linux-gnu/Linux is supported.
Unix Build
Selected Generator: Ninja
/srv/KiiConf/tmp/20a68782447c23192739f23fcef539c515aa2bb3bc46af/right
-- Build CPU Detected:
x86_64
-- Build Kernel Detected:
Linux 4.14.12-x86_64-linode92
-- Compiler Family:
arm
-- Compiler Selected:
gcc
-- Chip Selected:
mk20dx256vlh7
-- Chip Family:
mk2x
-- CPU Selected:
cortex-m4
-- Compiler Source Files:
Lib/kinetis.c;Lib/delay.c;Lib/entropy.c;Lib/periodic.c;Lib/time.c
-- Bootloader Type:
dfu
-- Full Compiler:
/usr/bin/arm-none-eabi-gcc 
-- Detected Scan Module Source Files:
Scan/Devices/ISSILed/i2c.c;Scan/Devices/ISSILed/led_scan.c;Scan/Devices/MatrixARMPeriodic/matrix_scan.c;Scan/Devices/STLcd/lcd_scan.c;Scan/Devices/UARTConnect/connect_scan.c;Scan/Infinity_Ergodox/scan_loop.c
-- Detected Macro Module Source Files:
Macro/PartialMap/kll.c;Macro/PartialMap/macro.c;Macro/PartialMap/result.c;Macro/PartialMap/trigger.c;Macro/PixelMap/pixel.c;/srv/KiiConf/tmp/20a68782447c23192739f23fcef539c515aa2bb3bc46af/right/generatedPixelmap.c
-- Detected Output Module Source Files:
Output/HID-IO/hidio_com.c;Output/Interface/output_gen.c;Output/USB/output_com.c;Output/USB/output_usb.c;Output/USB/arm/usb_desc.c;Output/USB/arm/usb_dev.c;Output/USB/arm/usb_joystick.c;Output/USB/arm/usb_keyboard.c;Output/USB/arm/usb_mem.c;Output/USB/arm/usb_mouse.c;Output/USB/arm/usb_rawio.c;Output/USB/arm/usb_serial.c
-- Detected Debug Module Source Files:
Debug/cli/cli.c;Debug/latency/latency.c;Debug/led/led.c;Debug/print/print.c
-- Found Git: /usr/bin/git (found version "1.9.1") 
No LSB modules are available.
-- Found LSB_RELEASE: /usr/bin/lsb_release  
-- Build OS Detected:
Ubuntu 14.04.5 LTS trusty
-- Found Ctags: /usr/bin/ctags-exuberant (found version "5.9~svn20110310") 
ctags-exuberant: cannot open tag file : Permission denied
-- Found PythonInterp: python3 (found suitable version "3.4.3", minimum required is "3") 
-- Detected Layout Files:
/srv/KiiConf/controller/Scan/Devices/ISSILed/capabilities.kll
/srv/KiiConf/controller/Scan/Devices/MatrixARMPeriodic/capabilities.kll
/srv/KiiConf/controller/Scan/Devices/STLcd/capabilities.kll
/srv/KiiConf/controller/Scan/Devices/UARTConnect/capabilities.kll
/srv/KiiConf/controller/Macro/PartialMap/capabilities.kll
/srv/KiiConf/controller/Macro/PixelMap/capabilities.kll
/srv/KiiConf/controller/Output/HID-IO/capabilities.kll
/srv/KiiConf/controller/Output/USB/capabilities.kll
/srv/KiiConf/controller/Debug/latency/capabilities.kll
/srv/KiiConf/controller/Scan/Infinity_Ergodox/scancode_map.kll
/srv/KiiConf/controller/Scan/Infinity_Ergodox/rightHand.kll
/srv/KiiConf/controller/Scan/Infinity_Ergodox/slave1.kll
/srv/KiiConf/controller/Scan/Infinity_Ergodox/leftHand.kll
/srv/KiiConf/controller/kll/layouts/infinity_ergodox/lcdFuncMap.kll
/srv/KiiConf/tmp/20a68782447c23192739f23fcef539c515aa2bb3bc46af/right/MDErgo1-Default-0.kll
/srv/KiiConf/controller/kll/layouts/infinity_ergodox/lcdFuncMap.kll
/srv/KiiConf/tmp/20a68782447c23192739f23fcef539c515aa2bb3bc46af/right/MDErgo1-Default-1.kll
/srv/KiiConf/controller/kll/layouts/infinity_ergodox/lcdFuncMap.kll
/srv/KiiConf/tmp/20a68782447c23192739f23fcef539c515aa2bb3bc46af/right/MDErgo1-Default-2.kll
-- Found DFU_SUFFIX: /usr/local/bin/dfu-suffix (found version "0.8") 
-- Configuring done
-- Generating done
-- Build files have been written to: /srv/KiiConf/tmp/20a68782447c23192739f23fcef539c515aa2bb3bc46af/right
[1/38] Generating KLL Layout
kll BETA 0.5c.8d92cf58745532c23ba79cee3b43834536448531 - 2018-03-04 12:00:50 -0800
-- Generating --
/srv/KiiConf/tmp/20a68782447c23192739f23fcef539c515aa2bb3bc46af/right/kll_defs.h
/srv/KiiConf/tmp/20a68782447c23192739f23fcef539c515aa2bb3bc46af/right/generatedKeymap.h
/srv/KiiConf/tmp/20a68782447c23192739f23fcef539c515aa2bb3bc46af/right/generatedPixelmap.c
/srv/KiiConf/tmp/20a68782447c23192739f23fcef539c515aa2bb3bc46af/right/kll.json
[2/38] Building C object CMakeFiles/kiibohd.dir/main.c.o
[3/38] Building C object CMakeFiles/kiibohd.dir/Lib/kinetis.c.o
[4/38] Building C object CMakeFiles/kiibohd.dir/Lib/delay.c.o
[5/38] Building C object CMakeFiles/kiibohd.dir/Lib/entropy.c.o
[6/38] Building C object CMakeFiles/kiibohd.dir/Lib/periodic.c.o
[7/38] Building C object CMakeFiles/kiibohd.dir/Lib/time.c.o
[8/38] Building C object CMakeFiles/kiibohd.dir/Scan/Devices/ISSILed/i2c.c.o
[9/38] Building C object CMakeFiles/kiibohd.dir/Scan/Devices/ISSILed/led_scan.c.o
[10/38] Building C object CMakeFiles/kiibohd.dir/Scan/Devices/MatrixARMPeriodic/matrix_scan.c.o
[11/38] Building C object CMakeFiles/kiibohd.dir/Scan/Devices/STLcd/lcd_scan.c.o
[12/38] Building C object CMakeFiles/kiibohd.dir/Scan/Devices/UARTConnect/connect_scan.c.o
[13/38] Building C object CMakeFiles/kiibohd.dir/Scan/Infinity_Ergodox/scan_loop.c.o
[14/38] Building C object CMakeFiles/kiibohd.dir/Macro/PartialMap/kll.c.o
[15/38] Building C object CMakeFiles/kiibohd.dir/Macro/PartialMap/macro.c.o
[16/38] Building C object CMakeFiles/kiibohd.dir/Macro/PartialMap/result.c.o
[17/38] Building C object CMakeFiles/kiibohd.dir/Macro/PartialMap/trigger.c.o
[18/38] Building C object CMakeFiles/kiibohd.dir/Macro/PixelMap/pixel.c.o
[19/38] Building C object CMakeFiles/kiibohd.dir/generatedPixelmap.c.o
[20/38] Building C object CMakeFiles/kiibohd.dir/Output/HID-IO/hidio_com.c.o
[21/38] Building C object CMakeFiles/kiibohd.dir/Output/Interface/output_gen.c.o
[22/38] Building C object CMakeFiles/kiibohd.dir/Output/USB/output_com.c.o
[23/38] Building C object CMakeFiles/kiibohd.dir/Output/USB/output_usb.c.o
[24/38] Building C object CMakeFiles/kiibohd.dir/Output/USB/arm/usb_desc.c.o
[25/38] Building C object CMakeFiles/kiibohd.dir/Output/USB/arm/usb_dev.c.o
[26/38] Building C object CMakeFiles/kiibohd.dir/Output/USB/arm/usb_joystick.c.o
[27/38] Building C object CMakeFiles/kiibohd.dir/Output/USB/arm/usb_keyboard.c.o
[28/38] Building C object CMakeFiles/kiibohd.dir/Output/USB/arm/usb_mem.c.o
[29/38] Building C object CMakeFiles/kiibohd.dir/Output/USB/arm/usb_mouse.c.o
[30/38] Building C object CMakeFiles/kiibohd.dir/Output/USB/arm/usb_rawio.c.o
[31/38] Building C object CMakeFiles/kiibohd.dir/Output/USB/arm/usb_serial.c.o
[32/38] Building C object CMakeFiles/kiibohd.dir/Debug/cli/cli.c.o
[33/38] Building C object CMakeFiles/kiibohd.dir/Debug/latency/latency.c.o
[34/38] Building C object CMakeFiles/kiibohd.dir/Debug/led/led.c.o
[35/38] Building C object CMakeFiles/kiibohd.dir/Debug/print/print.c.o
[36/38] Linking C executable kiibohd.elf
Setting new key
Key Prepended: 0000000000000000
[37/38] Message for DFU targets
[38/38] Chip usage for mk20dx256vlh7
NOTE: kiibohd.secure.dfu.bin is required for secure Kiibohd Bootloaders.
Only keyboards from late 2017 and onwards, support this.
See lsusb -d 1c11: -v and look for iInterface 4 Kiibohd DFU Secure.
Otherwise, use the kiibohd.dfu.bin file when it says iInterface 4 Kiibohd DFU.
Use the physical reset button on the back of the keyboard to temporarily disable secure mode.
NOTE2: Secure mode is disabled currently, but will be enabled when key negotiation is supported.
	 SRAM: 	18% 	12320/65536	bytes
	Flash: 	27% 	69312/253952	bytes
Firmware has been compiled into: '/srv/KiiConf/tmp/20a68782447c23192739f23fcef539c515aa2bb3bc46af/right'
/srv/KiiConf/dist
+ RETVAL_R=0
+ (( 0 != 0 ))
+ (( 0 != 0 ))
+ RETVAL=0
+ ln -s /srv/KiiConf/tmp/20a68782447c23192739f23fcef539c515aa2bb3bc46af/left/kiibohd.dfu.bin /srv/KiiConf/tmp/20a68782447c23192739f23fcef539c515aa2bb3bc46af/left_kiibohd.dfu.bin
+ ln -s /srv/KiiConf/tmp/20a68782447c23192739f23fcef539c515aa2bb3bc46af/left/kiibohd.secure.dfu.bin /srv/KiiConf/tmp/20a68782447c23192739f23fcef539c515aa2bb3bc46af/left_kiibohd.secure.dfu.bin
+ ln -s /srv/KiiConf/tmp/20a68782447c23192739f23fcef539c515aa2bb3bc46af/left/kll.json /srv/KiiConf/tmp/20a68782447c23192739f23fcef539c515aa2bb3bc46af/left_kll.json
+ ln -s /srv/KiiConf/tmp/20a68782447c23192739f23fcef539c515aa2bb3bc46af/left/log/generatedKeymap.h /srv/KiiConf/tmp/20a68782447c23192739f23fcef539c515aa2bb3bc46af/left_generatedKeymap.h
+ ln -s /srv/KiiConf/tmp/20a68782447c23192739f23fcef539c515aa2bb3bc46af/left/log/kll_defs.h /srv/KiiConf/tmp/20a68782447c23192739f23fcef539c515aa2bb3bc46af/left_kll_defs.h
+ ln -s /srv/KiiConf/tmp/20a68782447c23192739f23fcef539c515aa2bb3bc46af/right/kiibohd.dfu.bin /srv/KiiConf/tmp/20a68782447c23192739f23fcef539c515aa2bb3bc46af/right_kiibohd.dfu.bin
+ ln -s /srv/KiiConf/tmp/20a68782447c23192739f23fcef539c515aa2bb3bc46af/right/kiibohd.secure.dfu.bin /srv/KiiConf/tmp/20a68782447c23192739f23fcef539c515aa2bb3bc46af/right_kiibohd.secure.dfu.bin
+ ln -s /srv/KiiConf/tmp/20a68782447c23192739f23fcef539c515aa2bb3bc46af/right/kll.json /srv/KiiConf/tmp/20a68782447c23192739f23fcef539c515aa2bb3bc46af/right_kll.json
+ ln -s /srv/KiiConf/tmp/20a68782447c23192739f23fcef539c515aa2bb3bc46af/right/log/generatedKeymap.h /srv/KiiConf/tmp/20a68782447c23192739f23fcef539c515aa2bb3bc46af/right_generatedKeymap.h
+ ln -s /srv/KiiConf/tmp/20a68782447c23192739f23fcef539c515aa2bb3bc46af/right/log/kll_defs.h /srv/KiiConf/tmp/20a68782447c23192739f23fcef539c515aa2bb3bc46af/right_kll_defs.h
+ set +x
Compilation Completed.
